Total unused space is 17.17MB
    help/main/c-target-mobile-app/target-for-mobile-apps-faq.md
    help/main/c-target-mobile-app/mobile-enable-target-in-sdk.md
    help/main/c-target-mobile-app/mobile-create-location-and-metric.md
    help/main/c-target-mobile-app/mobile-how-target-works-mobile-apps.md
    help/main/c-target-mobile-app/prefetch-offer-content.md
    help/main/c-target-mobile-app/mobile-custom-user-data.md
    help/main/c-target-mobile-app/target-mobile-preview.md
    help/main/c-target-mobile-app/use-location-service.md
    help/main/c-target-mobile-app/target-mobile-app.md
    help/main/c-target-mobile-app/assets/mobile-target-location.png
    help/main/c-target-mobile-app/assets/mobile-clientcode.png
    help/main/c-target-mobile-app/assets/Android_Deeplink.png
    help/main/c-target-mobile-app/assets/how-target-mobile-works.png
    help/main/c-target-mobile-app/assets/mobile-preview-url-scheme-ios.png
    help/main/c-target-mobile-app/assets/mobile-preview-experience-result-1-france.png
    help/main/c-target-mobile-app/assets/mobile-preview-open-app.png
    help/main/c-target-mobile-app/assets/mobile-preview-experience-selection-1.png
    help/main/c-target-mobile-app/assets/mobile-preview-experience-result-2-10off.png
    help/main/c-target-mobile-app/assets/download-sdk.png
    help/main/c-target-mobile-app/assets/mobile-preview-experience-result-2-aus.png
    help/main/c-target-mobile-app/assets/mobile-preview-open-deeplink.png
    help/main/c-target-mobile-app/assets/mobile-preview-create.png
    help/main/c-target-mobile-app/assets/mobile-preview-experience-selection-2.png
    help/main/c-target-mobile-app/assets/mobile-preview-select-activities.png
    help/main/c-target-mobile-app/assets/mobile-debug.png
    help/main/c-target-mobile-app/assets/mobile-preview-experience-result-1-shipfree.png
    help/main/c-target-mobile-app/assets/mobile-preview-enter-url-scheme.png
    help/main/c-target-mobile-app/assets/mobile-preview-generate-and-copy.png
    help/main/assets/FPC_Request_Form.xlsx
    help/main/assets/technical-rfi.docx
    help/main/assets/business-rfi.docx
    help/main/c-implementing-target/hybrid-implementation.md
    help/main/c-implementing-target/c-api-and-sdk-overview/api-and-sdk-overview.md
    help/main/c-implementing-target/c-api-and-sdk-overview/on-device-decisioning.md
    help/main/c-implementing-target/c-api-and-sdk-overview/target-api-documentation.md
    help/main/c-implementing-target/c-non-javascript-based-implementation/testing-content-with-the-adbox.md
    help/main/c-implementing-target/c-non-javascript-based-implementation/working-with-redirectors.md
    help/main/c-implementing-target/c-non-javascript-based-implementation/non-javascript-based-implementation.md
    help/main/c-implementing-target/c-non-javascript-based-implementation/testing-email-image-adbox.md
    help/main/c-implementing-target/c-implementing-target-for-client-side-web/adobe-target-trackevent.md
    help/main/c-implementing-target/c-implementing-target-for-client-side-web/implement-target-for-client-side-web.md
    help/main/c-implementing-target/c-implementing-target-for-client-side-web/registerextension-atjs-1x.md
    help/main/c-implementing-target/c-implementing-target-for-client-side-web/mboxcreate-atjs.md
    help/main/c-implementing-target/c-implementing-target-for-client-side-web/adobe-target-getoffer.md
    help/main/c-implementing-target/c-implementing-target-for-client-side-web/adobe-target-applyoffer.md
    help/main/c-implementing-target/c-implementing-target-for-client-side-web/adobe.target.sendnotifications-atjs-21.md
    help/main/c-implementing-target/c-implementing-target-for-client-side-web/atjs-cookies.md
    help/main/c-implementing-target/c-implementing-target-for-client-side-web/targetgobalsettings.md
    help/main/c-implementing-target/c-implementing-target-for-client-side-web/aep-web-sdk.md
    help/main/c-implementing-target/c-implementing-target-for-client-side-web/upgrading-from-atjs-1x-to-atjs-20.md
    help/main/c-implementing-target/c-implementing-target-for-client-side-web/adobe-target-triggerview-atjs-2.md
    help/main/c-implementing-target/c-implementing-target-for-client-side-web/mboxdefine-mboxupdate-atjs-1x.md
    help/main/c-implementing-target/c-implementing-target-for-client-side-web/targetpageparamsall.md
    help/main/c-implementing-target/c-implementing-target-for-client-side-web/adobe-target-getoffers-atjs-2.md
    help/main/c-implementing-target/c-implementing-target-for-client-side-web/adobe-target-applyoffers-atjs-2.md
    help/main/c-implementing-target/c-implementing-target-for-client-side-web/cmp-atjs-functions.md
    help/main/c-implementing-target/c-implementing-target-for-client-side-web/targetpageparams.md
    help/main/c-implementing-target/c-implementing-target-for-client-side-web/target-atjs-versions.md
    help/main/c-implementing-target/c-implementing-target-for-client-side-web/atjs-custom-events.md
    help/main/c-implementing-target/c-implementing-target-for-client-side-web/user-agent-and-client-hints.md
    help/main/c-implementing-target/c-implementing-target-for-client-side-web/c-how-atjs-works/how-atjs-works.md
    help/main/c-implementing-target/c-implementing-target-for-client-side-web/c-how-atjs-works/manage-flicker-with-atjs.md
    help/main/c-implementing-target/c-implementing-target-for-client-side-web/c-how-atjs-works/target-atjs-integrations.md
    help/main/c-implementing-target/c-implementing-target-for-client-side-web/c-how-atjs-works/assets/target-flow2.png
    help/main/c-implementing-target/c-implementing-target-for-client-side-web/c-target-debugging-atjs/targeting-using-cloud-based-instances.md
    help/main/c-implementing-target/c-implementing-target-for-client-side-web/c-target-debugging-atjs/target-debugging-atjs.md
    help/main/c-implementing-target/c-implementing-target-for-client-side-web/c-target-atjs-faq/target-atjs-faq.md
    help/main/c-implementing-target/c-implementing-target-for-client-side-web/c-target-atjs-faq/global-mbox-frequently-asked-questions.md
    help/main/c-implementing-target/c-implementing-target-for-client-side-web/c-target-atjs-faq/assets/revenue2.png
    help/main/c-implementing-target/c-implementing-target-for-client-side-web/c-target-atjs-faq/assets/atjs_vesus_mboxjs.png
    help/main/c-implementing-target/c-implementing-target-for-client-side-web/c-target-atjs-faq/assets/revenue1.png
    help/main/c-implementing-target/c-implementing-target-for-client-side-web/assets/atjs-20-triggerview.png
    help/main/c-implementing-target/c-implementing-target-for-client-side-web/assets/page-load-enabled-setting.png
    help/main/c-implementing-target/c-implementing-target-for-client-side-web/assets/modify-atjs.png
    help/main/c-implementing-target/c-implementing-target-for-client-side-web/assets/custom-global-mbox.png
    help/main/c-implementing-target/c-implementing-target-for-client-side-web/assets/target-flow.png
    help/main/c-implementing-target/c-implementing-target-for-client-side-web/assets/system-diagram-atjs-20.png
    help/main/c-implementing-target/c-implementing-target-for-client-side-web/assets/atjs-20-flow-page-load-request.png
    help/main/c-implementing-target/c-implementing-target-for-client-side-web/t-mbox-download/cookie-behavior.md
    help/main/c-implementing-target/c-implementing-target-for-client-side-web/t-mbox-download/c-understanding-global-mbox/pass-parameters-to-global-mbox.md
    help/main/c-implementing-target/c-implementing-target-for-client-side-web/t-mbox-download/c-understanding-global-mbox/mbox-global-target-standard.md
    help/main/c-implementing-target/c-implementing-target-for-client-side-web/t-mbox-download/c-understanding-global-mbox/customize-global-mbox.md
    help/main/c-implementing-target/c-implementing-target-for-client-side-web/t-mbox-download/c-understanding-global-mbox/understanding-global-mbox.md
    help/main/c-implementing-target/c-implementing-target-for-client-side-web/t-mbox-download/c-understanding-global-mbox/assets/custom-global-mbox.png
    help/main/c-implementing-target/c-implementing-target-for-client-side-web/how-to-deployatjs/cmp-implementing-target-using-adobe-launch.md
    help/main/c-implementing-target/c-implementing-target-for-client-side-web/how-to-deployatjs/how-to-deployatjs.md
    help/main/c-implementing-target/c-implementing-target-for-client-side-web/how-to-deployatjs/target-atjs-single-page-application.md
    help/main/c-implementing-target/c-implementing-target-for-client-side-web/how-to-deployatjs/implementing-target-without-a-tag-manager.md
    help/main/c-implementing-target/c-implementing-target-for-client-side-web/how-to-deployatjs/implementing-target-using-dynamic-tag-management.md
    help/main/c-implementing-target/c-implementing-target-for-client-side-web/on-device-decisioning/supported-features.md
    help/main/c-implementing-target/c-implementing-target-for-client-side-web/on-device-decisioning/on-device-decisioning.md
    help/main/c-implementing-target/c-implementing-target-for-client-side-web/on-device-decisioning/troubleshooting-on-device-decisioning.md
    help/main/c-implementing-target/c-implementing-target-for-client-side-web/on-device-decisioning/rule-artifact.md
    help/main/c-implementing-target/c-implementing-target-for-client-side-web/on-device-decisioning/assets/hybrid-first-time-visitor.png
    help/main/c-implementing-target/c-implementing-target-for-client-side-web/on-device-decisioning/assets/rule-json.png
    help/main/c-implementing-target/c-implementing-target-for-client-side-web/on-device-decisioning/assets/server-side-only.png
    help/main/c-implementing-target/c-implementing-target-for-client-side-web/on-device-decisioning/assets/on-device-only-subsequent.png
    help/main/c-implementing-target/c-implementing-target-for-client-side-web/on-device-decisioning/assets/on-device-decisioning-eligible-label.png
    help/main/c-implementing-target/c-implementing-target-for-client-side-web/on-device-decisioning/assets/on-device-only.png
    help/main/c-implementing-target/c-implementing-target-for-client-side-web/on-device-decisioning/assets/hybrid-subsequent.png
    help/main/c-implementing-target/c-implementing-target-for-client-side-web/on-device-decisioning/assets/browser-console.png
    help/main/c-implementing-target/c-implementing-target-for-client-side-web/on-device-decisioning/assets/on-device-decisioning-filter.png
    help/main/c-implementing-target/c-implementing-target-for-client-side-web/on-device-decisioning/assets/global-settings.png
    help/main/c-implementing-target/c-implementing-target-for-client-side-web/on-device-decisioning/assets/main-implementation-method.png
    help/main/c-implementing-target/c-implementing-target-for-client-side-web/on-device-decisioning/assets/on-device-decisioning-toggle.png
    help/main/c-implementing-target/c-considerations-before-you-implement-target/tls-transport-layer-security-encryption.md
    help/main/c-implementing-target/c-considerations-before-you-implement-target/target-security-overview.md
    help/main/c-implementing-target/c-considerations-before-you-implement-target/prepare-to-implement-target.md
    help/main/c-implementing-target/c-considerations-before-you-implement-target/allowlist-edges.md
    help/main/c-implementing-target/c-considerations-before-you-implement-target/considerations-before-you-implement-target.md
    help/main/c-implementing-target/c-considerations-before-you-implement-target/implement-cname-support-in-target.md
    help/main/c-implementing-target/c-considerations-before-you-implement-target/supported-browsers.md
    help/main/c-implementing-target/c-considerations-before-you-implement-target/c-privacy/apple-itp-2x.md
    help/main/c-implementing-target/c-considerations-before-you-implement-target/c-privacy/cookie-deleting.md
    help/main/c-implementing-target/c-considerations-before-you-implement-target/c-privacy/content-security-policy.md
    help/main/c-implementing-target/c-considerations-before-you-implement-target/c-privacy/google-chrome-samesite-cookie-policies.md
    help/main/c-implementing-target/c-considerations-before-you-implement-target/c-privacy/privacy.md
    help/main/c-implementing-target/c-considerations-before-you-implement-target/c-privacy/cmp-privacy-and-general-data-protection-regulation.md
    help/main/c-implementing-target/c-considerations-before-you-implement-target/assets/chrome-developer-tools.png
    help/main/c-implementing-target/c-considerations-before-you-implement-target/assets/chrome-tls-version.png
    help/main/c-implementing-target/c-considerations-before-you-implement-target/assets/samesite.png
    help/main/c-implementing-target/c-considerations-before-you-implement-target/c-methods-to-get-data-into-target/methods-to-get-data-into-target.md
    help/main/c-implementing-target/c-considerations-before-you-implement-target/c-methods-to-get-data-into-target/bulk-profile-update-api.md
    help/main/c-implementing-target/c-considerations-before-you-implement-target/c-methods-to-get-data-into-target/profile-api-settings.md
    help/main/c-implementing-target/c-considerations-before-you-implement-target/c-methods-to-get-data-into-target/single-profile-update-api.md
    help/main/c-implementing-target/c-considerations-before-you-implement-target/c-methods-to-get-data-into-target/in-page-profile-attributes.md
    help/main/c-implementing-target/c-considerations-before-you-implement-target/c-methods-to-get-data-into-target/script-profile-attributes.md
    help/main/c-implementing-target/c-considerations-before-you-implement-target/c-methods-to-get-data-into-target/customer-attributes.md
    help/main/c-implementing-target/c-considerations-before-you-implement-target/c-methods-to-get-data-into-target/data-providers.md
    help/main/c-implementing-target/c-considerations-before-you-implement-target/c-methods-to-get-data-into-target/page-parameters.md
    help/main/c-implementing-target/c-considerations-before-you-implement-target/c-methods-to-get-data-into-target/assets/ietf2.png
    help/main/c-implementing-target/c-considerations-before-you-implement-target/c-methods-to-get-data-into-target/assets/profile_api_settings.png
    help/main/c-implementing-target/c-considerations-before-you-implement-target/c-methods-to-get-data-into-target/assets/ietf1.png
    help/main/c-implementing-target/c-considerations-before-you-implement-target/c-methods-to-get-data-into-target/assets/profile_api_settings_2.png
    help/main/c-recommendations/c-algorithms/assets/math1.png
    help/main/c-recommendations/assets/recs_settings.png
